c:\users\isai\source\repos\finalapp\finalapp\x64\debug\vc143.pdb
c:\users\isai\source\repos\finalapp\finalapp\x64\debug\vc143.idb
c:\users\isai\source\repos\finalapp\finalapp\x64\debug\window.obj
c:\users\isai\source\repos\finalapp\finalapp\x64\debug\shape.obj
c:\users\isai\source\repos\finalapp\finalapp\x64\debug\page.obj
c:\users\isai\source\repos\finalapp\finalapp\x64\debug\main.obj
c:\users\isai\source\repos\finalapp\finalapp\x64\debug\image.obj
c:\users\isai\source\repos\finalapp\x64\debug\finalapp.exe
c:\users\isai\source\repos\finalapp\x64\debug\finalapp.pdb
c:\users\isai\source\repos\finalapp\finalapp\x64\debug\finalapp.ilk
c:\users\isai\source\repos\finalapp\finalapp\x64\debug\finalapp.tlog\cl.command.1.tlog
c:\users\isai\source\repos\finalapp\finalapp\x64\debug\finalapp.tlog\cl.items.tlog
c:\users\isai\source\repos\finalapp\finalapp\x64\debug\finalapp.tlog\cl.read.1.tlog
c:\users\isai\source\repos\finalapp\finalapp\x64\debug\finalapp.tlog\cl.write.1.tlog
c:\users\isai\source\repos\finalapp\finalapp\x64\debug\finalapp.tlog\link.16172.read.1.tlog
c:\users\isai\source\repos\finalapp\finalapp\x64\debug\finalapp.tlog\link.16172.write.1.tlog
c:\users\isai\source\repos\finalapp\finalapp\x64\debug\finalapp.tlog\link.command.1.tlog
c:\users\isai\source\repos\finalapp\finalapp\x64\debug\finalapp.tlog\link.read.1.tlog
c:\users\isai\source\repos\finalapp\finalapp\x64\debug\finalapp.tlog\link.secondary.1.tlog
c:\users\isai\source\repos\finalapp\finalapp\x64\debug\finalapp.tlog\link.write.1.tlog
